  PostFixEvaluator.cpp
c:\users\chase\onedrive - university of wisconsin-stout\development\cpp\visualstudio\p3_postfixevaluator\p3_postfixevaluator\postfixevaluator.cpp(50): warning C4018: '<': signed/unsigned mismatch
c:\users\chase\onedrive - university of wisconsin-stout\development\cpp\visualstudio\p3_postfixevaluator\p3_postfixevaluator\postfixevaluator.h(59): warning C4244: 'return': conversion from '__int64' to 'double', possible loss of data
  c:\users\chase\onedrive - university of wisconsin-stout\development\cpp\visualstudio\p3_postfixevaluator\p3_postfixevaluator\postfixevaluator.cpp(15): note: see reference to function template instantiation 'NUMBER_TYPE PostFixEvaluator::parseNumber<double>(std::string)' being compiled
          with
          [
              NUMBER_TYPE=double
          ]
c:\users\chase\onedrive - university of wisconsin-stout\development\cpp\visualstudio\p3_postfixevaluator\p3_postfixevaluator\postfixevaluator.h(60): warning C4244: 'return': conversion from 'unsigned __int64' to 'double', possible loss of data
c:\users\chase\onedrive - university of wisconsin-stout\development\cpp\visualstudio\p3_postfixevaluator\p3_postfixevaluator\postfixevaluator.h(57): warning C4244: 'return': conversion from 'long' to 'char', possible loss of data
  c:\users\chase\onedrive - university of wisconsin-stout\development\cpp\visualstudio\p3_postfixevaluator\p3_postfixevaluator\postfixevaluator.cpp(18): note: see reference to function template instantiation 'NUMBER_TYPE PostFixEvaluator::parseNumber<char>(std::string)' being compiled
          with
          [
              NUMBER_TYPE=char
          ]
c:\users\chase\onedrive - university of wisconsin-stout\development\cpp\visualstudio\p3_postfixevaluator\p3_postfixevaluator\postfixevaluator.h(58): warning C4244: 'return': conversion from 'unsigned long' to 'char', possible loss of data
c:\users\chase\onedrive - university of wisconsin-stout\development\cpp\visualstudio\p3_postfixevaluator\p3_postfixevaluator\postfixevaluator.h(59): warning C4244: 'return': conversion from '__int64' to 'char', possible loss of data
c:\users\chase\onedrive - university of wisconsin-stout\development\cpp\visualstudio\p3_postfixevaluator\p3_postfixevaluator\postfixevaluator.h(60): warning C4244: 'return': conversion from 'unsigned __int64' to 'char', possible loss of data
c:\users\chase\onedrive - university of wisconsin-stout\development\cpp\visualstudio\p3_postfixevaluator\p3_postfixevaluator\postfixevaluator.h(61): warning C4244: 'return': conversion from 'long double' to 'char', possible loss of data
c:\users\chase\onedrive - university of wisconsin-stout\development\cpp\visualstudio\p3_postfixevaluator\p3_postfixevaluator\postfixevaluator.h(62): warning C4244: 'return': conversion from 'float' to 'char', possible loss of data
c:\users\chase\onedrive - university of wisconsin-stout\development\cpp\visualstudio\p3_postfixevaluator\p3_postfixevaluator\postfixevaluator.h(63): warning C4244: 'return': conversion from 'double' to 'char', possible loss of data
  P3_PostFixEvaluator.vcxproj -> C:\Users\chase\OneDrive - University of Wisconsin-Stout\Development\cpp\visualstudio\P3_PostFixEvaluator\Debug\P3_PostFixEvaluator.exe
  P3_PostFixEvaluator.vcxproj -> C:\Users\chase\OneDrive - University of Wisconsin-Stout\Development\cpp\visualstudio\P3_PostFixEvaluator\Debug\P3_PostFixEvaluator.pdb (Full PDB)
